system.rpk			0x00000038
MW_Mod.rpk			0x00000038
MW_Mod.rpk			0x00000038
cars\racers\Apollo.rpk			0x000000b0
cars\racers\Apollo.rpk			0x000000c7
cars\racers\Apollo.rpk			0x000000b0
cars\racers\Apollo.rpk			0x000000c7
cars\racers\Apollo.rpk			0x000000b0
cars\racers\Apollo.rpk			0x000000c7
cars\racers\bianco.rpk			0x00000106
cars\racers\bianco.rpk			0x00000104
cars\racers\bianco.rpk			0x0000010e
cars\racers\bianco.rpk			0x00000126
cars\racers\bianco.rpk			0x0000011a
cars\racers\bianco.rpk			0x00000112
cars\racers\Chevrolet_Astra_G.rpk			0x0000011b
cars\racers\Chevrolet_Astra_G.rpk			0x00000125
cars\racers\Chevrolet_Astra_G.rpk			0x0000011b
cars\racers\Chevrolet_Astra_G.rpk			0x00000125
cars\racers\Chevrolet_Astra_G.rpk			0x0000011b
cars\racers\Chevrolet_Astra_G.rpk			0x00000125
cars\racers\civic08.rpk			0x0000010a
cars\racers\civic08.rpk			0x0000010c
cars\racers\civic08.rpk			0x0000010a
cars\racers\civic08.rpk			0x0000010c
cars\racers\comodoro.rpk			0x0000010a
cars\racers\comodoro.rpk			0x0000010c
cars\racers\Dodge_Charger_RT.rpk			0x00000129
cars\racers\Dodge_Charger_RT.rpk			0x00000129
cars\racers\Dodge_Dart_80.rpk			0x00000129
cars\racers\escortrs.rpk			0x000000ac
cars\racers\escortrs.rpk			0x000000b1
cars\racers\escortrs.rpk			0x000000b7
cars\racers\Fiat_Marea.rpk			0x000000b0
cars\racers\Fiat_Marea.rpk			0x000000b4
cars\racers\Fiat_Marea.rpk			0x000000b0
cars\racers\Fiat_Marea.rpk			0x000000b4
cars\racers\Fiat_Marea.rpk			0x000000b0
cars\racers\Fiat_Marea.rpk			0x000000b4
cars\racers\Fiat_Marea.rpk			0x000000b0
cars\racers\Fiat_Marea.rpk			0x000000b4
cars\racers\Fiat_Marea.rpk			0x000000b0
cars\racers\Fiat_Marea.rpk			0x000000b4
cars\racers\Fiat_Marea.rpk			0x000000b0
cars\racers\Fiat_Marea.rpk			0x000000b4
cars\racers\Fiat_Marea.rpk			0x000000c3
cars\racers\Fiat_Marea.rpk			0x000000b0
cars\racers\Fiat_Marea.rpk			0x000000b4
cars\racers\Fiat_Marea.rpk			0x000000b0
cars\racers\Fiat_Marea.rpk			0x000000b4
cars\racers\Fiat_Marea.rpk			0x000000b0
cars\racers\Fiat_Marea.rpk			0x000000b4
cars\racers\Fiat_Marea.rpk			0x000000b0
cars\racers\Fiat_Marea.rpk			0x000000b4
cars\racers\Fiat_Marea.rpk			0x000000b0
cars\racers\Fiat_Marea.rpk			0x000000b4
cars\racers\Fiat_Marea.rpk			0x000000b0
cars\racers\Fiat_Marea.rpk			0x000000b4
cars\racers\Fiat_Marea.rpk			0x000000b0
cars\racers\Fiat_Marea.rpk			0x000000b4
cars\racers\Gol_quadrado.rpk			0x0000b217
cars\racers\Gol_quadrado.rpk			0x0000b217
cars\racers\Gol_quadrado.rpk			0x0000b217
cars\racers\golf_IV.rpk			0x00000109
cars\racers\golf_IV.rpk			0x00000119
cars\racers\Golg3.rpk			0x000000f7
cars\racers\Golg3.rpk			0x000000f7
cars\racers\GTB.rpk			0x00000110
cars\racers\GTB.rpk			0x00000116
cars\racers\GTB.rpk			0x00000109
cars\racers\GTB.rpk			0x0000011e
cars\racers\GTB.rpk			0x00000126
cars\racers\Volkswagen_Saveiro_Gti.rpk			0x00000096
cars\racers\Volkswagen_Saveiro_Gti.rpk			0x000000a5
cars\racers\Volkswagen_Up.rpk			0x000000bb
cars\racers\Volkswagen_Up.rpk			0x000000c0
cars\racers\Volkswagen_Up.rpk			0x000000bb
cars\racers\Volkswagen_Up.rpk			0x000000c0
cars\racers\Volkswagen_Up.rpk			0x000000bb
cars\racers\Volkswagen_Up.rpk			0x000000c0
cars\racers\Vw_Logus.rpk			0x00000119
cars\racers\Vw_Logus.rpk			0x0000011e
cars\racers\Vw_Logus.rpk			0x00000126
cars\racers\VW_Parati.rpk			0x00000128
cars\racers\vw_passat_b4.rpk			0x00000129
cars\racers\vw_passat_b4.rpk			0x0000012a
cars\racers\vw_passat_b4.rpk			0x0000012c
cars\racers\vw_passat_b4.rpk			0x00000121
cars\racers\vw_passat_b4.rpk			0x00000122
cars\racers\vw_santana.rpk			0x000000bb
cars\racers\vw_santana.rpk			0x000000c0
cars\racers\vw_santana.rpk			0x000000bb
cars\racers\vw_santana.rpk			0x000000c0
cars\racers\VW_Santana_1990.rpk			0x0000011c
cars\racers\VW_Santana_1990.rpk			0x00000123
cars\racers\VW_Santana_1990.rpk			0x00000129
cars\racers\VW_Santana_1990.rpk			0x0000011c
cars\racers\VW_Santana_1990.rpk			0x00000123
cars\racers\VW_Santana_1990.rpk			0x00000129
misc\dealer2.rpk			0x0000000d
cars\racers\Caravan_75.rpk			0x00000021
cars\racers\Diplomata1980.rpk			0x00000021
cars\racers\Diplomata92.rpk			0x00000021
cars\racers\SaveiroG3.rpk			0x0000000c
cars\racers\SaveiroG3.rpk			0x000000cd
cars\racers\SaveiroG3.rpk			0x00000021
cars\racers\Volkswagen_Variant.rpk			0x00000021
cars\racers\Vw_Logus.rpk			0x00000021
cars\racers\Vw_Logus.rpk			0x000000b8
cars\racers\Vw_Logus.rpk			0x000000a9
cars\racers\Dodge_Charger_RT.rpk			0x00000129
parts\engines\Chrysler_V8_pak.rpk			0x000001fa
parts\engines\Chrysler_V8_pak.rpk			0x000001fa
parts\engines\Chrysler_V8_pak.rpk			0x00001921
cars\racers\Dodge_Charger_RT.rpk			0x00000129
cars\racers\Dodge_Charger_RT.rpk			0x00000129
cars\traffic\ArmoredVan.rpk			0x00000017
cars.rpk			0x0000aaa2
cars.rpk			0x0000aaa3
objects.rpk			0x000001c6
